0 info it worked if it ends with ok
1 verbose cli [ '/Users/user/.nvm/versions/node/v4.1.2/bin/node',
1 verbose cli   '/Users/user/.nvm/versions/node/v4.1.2/bin/npm',
1 verbose cli   'i',
1 verbose cli   '-S',
1 verbose cli   'ng-image-compress' ]
2 info using npm@2.14.4
3 info using node@v4.1.2
4 verbose install initial load of /Users/user/Documents/sandglitch/package.json
5 warn package.json sandglitch@0.0.1 No repository field.
6 warn package.json sandglitch@0.0.1 No README data
7 verbose installManyTop reading scoped package data from /Users/user/Documents/sandglitch/node_modules/angular/package.json
8 verbose installManyTop reading scoped package data from /Users/user/Documents/sandglitch/node_modules/angular-animate/package.json
9 verbose installManyTop reading scoped package data from /Users/user/Documents/sandglitch/node_modules/angular-aria/package.json
10 verbose installManyTop reading scoped package data from /Users/user/Documents/sandglitch/node_modules/angular-material/package.json
11 verbose installManyTop reading scoped package data from /Users/user/Documents/sandglitch/node_modules/glitcher/package.json
12 verbose installManyTop reading scoped package data from /Users/user/Documents/sandglitch/node_modules/jquery/package.json
13 info package.json jquery@2.1.4 No license field.
14 info package.json angular-material@0.11.4 No license field.
15 verbose readDependencies loading dependencies from /Users/user/Documents/sandglitch/package.json
16 silly cache add args [ 'ng-image-compress', null ]
17 verbose cache add spec ng-image-compress
18 silly cache add parsed spec Result {
18 silly cache add   raw: 'ng-image-compress',
18 silly cache add   scope: null,
18 silly cache add   name: 'ng-image-compress',
18 silly cache add   rawSpec: '',
18 silly cache add   spec: '*',
18 silly cache add   type: 'range' }
19 silly addNamed ng-image-compress@*
20 verbose addNamed "*" is a valid semver range for ng-image-compress
21 silly addNameRange { name: 'ng-image-compress', range: '*', hasData: false }
22 silly mapToRegistry name ng-image-compress
23 silly mapToRegistry using default registry
24 silly mapToRegistry registry https://registry.npmjs.org/
25 silly mapToRegistry uri https://registry.npmjs.org/ng-image-compress
26 verbose addNameRange registry:https://registry.npmjs.org/ng-image-compress not in flight; fetching
27 verbose request uri https://registry.npmjs.org/ng-image-compress
28 verbose request no auth needed
29 info attempt registry request try #1 at 3:00:33 PM
30 verbose request id 8c4d96d3c914505c
31 http request GET https://registry.npmjs.org/ng-image-compress
32 http 404 https://registry.npmjs.org/ng-image-compress
33 verbose headers { 'content-type': 'application/json',
33 verbose headers   'cache-control': 'max-age=0',
33 verbose headers   'content-length': '2',
33 verbose headers   'accept-ranges': 'bytes',
33 verbose headers   date: 'Fri, 04 Dec 2015 20:00:33 GMT',
33 verbose headers   via: '1.1 varnish',
33 verbose headers   age: '0',
33 verbose headers   connection: 'keep-alive',
33 verbose headers   'x-served-by': 'cache-jfk1027-JFK',
33 verbose headers   'x-cache': 'MISS',
33 verbose headers   'x-cache-hits': '0',
33 verbose headers   'x-timer': 'S1449259233.769434,VS0,VE24' }
34 silly get cb [ 404,
34 silly get   { 'content-type': 'application/json',
34 silly get     'cache-control': 'max-age=0',
34 silly get     'content-length': '2',
34 silly get     'accept-ranges': 'bytes',
34 silly get     date: 'Fri, 04 Dec 2015 20:00:33 GMT',
34 silly get     via: '1.1 varnish',
34 silly get     age: '0',
34 silly get     connection: 'keep-alive',
34 silly get     'x-served-by': 'cache-jfk1027-JFK',
34 silly get     'x-cache': 'MISS',
34 silly get     'x-cache-hits': '0',
34 silly get     'x-timer': 'S1449259233.769434,VS0,VE24' } ]
35 verbose stack Error: Registry returned 404 for GET on https://registry.npmjs.org/ng-image-compress
35 verbose stack     at makeError (/Users/user/.nvm/versions/node/v4.1.2/lib/node_modules/npm/node_modules/npm-registry-client/lib/request.js:263:12)
35 verbose stack     at CachingRegistryClient.<anonymous> (/Users/user/.nvm/versions/node/v4.1.2/lib/node_modules/npm/node_modules/npm-registry-client/lib/request.js:241:14)
35 verbose stack     at Request._callback (/Users/user/.nvm/versions/node/v4.1.2/lib/node_modules/npm/node_modules/npm-registry-client/lib/request.js:171:14)
35 verbose stack     at Request.self.callback (/Users/user/.nvm/versions/node/v4.1.2/lib/node_modules/npm/node_modules/request/request.js:198:22)
35 verbose stack     at emitTwo (events.js:87:13)
35 verbose stack     at Request.emit (events.js:172:7)
35 verbose stack     at Request.<anonymous> (/Users/user/.nvm/versions/node/v4.1.2/lib/node_modules/npm/node_modules/request/request.js:1073:14)
35 verbose stack     at emitOne (events.js:82:20)
35 verbose stack     at Request.emit (events.js:169:7)
35 verbose stack     at IncomingMessage.<anonymous> (/Users/user/.nvm/versions/node/v4.1.2/lib/node_modules/npm/node_modules/request/request.js:1019:12)
36 verbose statusCode 404
37 verbose pkgid ng-image-compress
38 verbose cwd /Users/user/Documents/sandglitch
39 error Darwin 15.0.0
40 error argv "/Users/user/.nvm/versions/node/v4.1.2/bin/node" "/Users/user/.nvm/versions/node/v4.1.2/bin/npm" "i" "-S" "ng-image-compress"
41 error node v4.1.2
42 error npm  v2.14.4
43 error code E404
44 error 404 Registry returned 404 for GET on https://registry.npmjs.org/ng-image-compress
44 error 404
44 error 404 'ng-image-compress' is not in the npm registry.
44 error 404 You should bug the author to publish it (or use the name yourself!)
44 error 404 It was specified as a dependency of 'sandglitch'
44 error 404
44 error 404 Note that you can also install from a
44 error 404 tarball, folder, http url, or git url.
45 verbose exit [ 1, true ]
