0 info it worked if it ends with ok
1 verbose cli [ '/Users/user/.nvm/versions/node/v4.1.2/bin/node',
1 verbose cli   '/Users/user/.nvm/versions/node/v4.1.2/bin/npm',
1 verbose cli   'i',
1 verbose cli   '-S',
1 verbose cli   'angular-file-model' ]
2 info using npm@2.14.4
3 info using node@v4.1.2
4 verbose install initial load of /Users/user/Documents/sandglitch/package.json
5 warn package.json sandglitch@0.0.1 No repository field.
6 warn package.json sandglitch@0.0.1 No README data
7 verbose installManyTop reading scoped package data from /Users/user/Documents/sandglitch/node_modules/10/package.json
8 verbose installManyTop reading scoped package data from /Users/user/Documents/sandglitch/node_modules/angular/package.json
9 verbose installManyTop reading scoped package data from /Users/user/Documents/sandglitch/node_modules/angular-animate/package.json
10 verbose installManyTop reading scoped package data from /Users/user/Documents/sandglitch/node_modules/angular-aria/package.json
11 verbose installManyTop reading scoped package data from /Users/user/Documents/sandglitch/node_modules/angular-material/package.json
12 verbose installManyTop reading scoped package data from /Users/user/Documents/sandglitch/node_modules/blipp/package.json
13 verbose installManyTop reading scoped package data from /Users/user/Documents/sandglitch/node_modules/glitcher/package.json
14 verbose installManyTop reading scoped package data from /Users/user/Documents/sandglitch/node_modules/glue/package.json
15 verbose installManyTop reading scoped package data from /Users/user/Documents/sandglitch/node_modules/good/package.json
16 verbose installManyTop reading scoped package data from /Users/user/Documents/sandglitch/node_modules/hapi/package.json
17 verbose installManyTop reading scoped package data from /Users/user/Documents/sandglitch/node_modules/hoek/package.json
18 verbose installManyTop reading scoped package data from /Users/user/Documents/sandglitch/node_modules/inert/package.json
19 verbose installManyTop reading scoped package data from /Users/user/Documents/sandglitch/node_modules/jquery/package.json
20 verbose installManyTop reading scoped package data from /Users/user/Documents/sandglitch/node_modules/vision/package.json
21 info package.json blipp@2.3.0 license should be a valid SPDX license expression
22 info package.json 10@0.0.1 No repository field.
23 info package.json 10@0.0.1 No README data
24 info package.json 10@0.0.1 license should be a valid SPDX license expression
25 info package.json angular-material@0.11.4 No license field.
26 info package.json jquery@2.1.4 No license field.
27 verbose readDependencies loading dependencies from /Users/user/Documents/sandglitch/package.json
28 silly cache add args [ 'angular-file-model', null ]
29 verbose cache add spec angular-file-model
30 silly cache add parsed spec Result {
30 silly cache add   raw: 'angular-file-model',
30 silly cache add   scope: null,
30 silly cache add   name: 'angular-file-model',
30 silly cache add   rawSpec: '',
30 silly cache add   spec: '*',
30 silly cache add   type: 'range' }
31 silly addNamed angular-file-model@*
32 verbose addNamed "*" is a valid semver range for angular-file-model
33 silly addNameRange { name: 'angular-file-model', range: '*', hasData: false }
34 silly mapToRegistry name angular-file-model
35 silly mapToRegistry using default registry
36 silly mapToRegistry registry https://registry.npmjs.org/
37 silly mapToRegistry uri https://registry.npmjs.org/angular-file-model
38 verbose addNameRange registry:https://registry.npmjs.org/angular-file-model not in flight; fetching
39 verbose request uri https://registry.npmjs.org/angular-file-model
40 verbose request no auth needed
41 info attempt registry request try #1 at 9:00:09 PM
42 verbose request id f7ee2f8ed468c4af
43 http request GET https://registry.npmjs.org/angular-file-model
44 http 404 https://registry.npmjs.org/angular-file-model
45 verbose headers { 'content-type': 'application/json',
45 verbose headers   'cache-control': 'max-age=0',
45 verbose headers   'content-length': '2',
45 verbose headers   'accept-ranges': 'bytes',
45 verbose headers   date: 'Wed, 09 Dec 2015 02:00:10 GMT',
45 verbose headers   via: '1.1 varnish',
45 verbose headers   age: '0',
45 verbose headers   connection: 'keep-alive',
45 verbose headers   'x-served-by': 'cache-jfk1027-JFK',
45 verbose headers   'x-cache': 'MISS',
45 verbose headers   'x-cache-hits': '0',
45 verbose headers   'x-timer': 'S1449626410.072789,VS0,VE98' }
46 silly get cb [ 404,
46 silly get   { 'content-type': 'application/json',
46 silly get     'cache-control': 'max-age=0',
46 silly get     'content-length': '2',
46 silly get     'accept-ranges': 'bytes',
46 silly get     date: 'Wed, 09 Dec 2015 02:00:10 GMT',
46 silly get     via: '1.1 varnish',
46 silly get     age: '0',
46 silly get     connection: 'keep-alive',
46 silly get     'x-served-by': 'cache-jfk1027-JFK',
46 silly get     'x-cache': 'MISS',
46 silly get     'x-cache-hits': '0',
46 silly get     'x-timer': 'S1449626410.072789,VS0,VE98' } ]
47 verbose stack Error: Registry returned 404 for GET on https://registry.npmjs.org/angular-file-model
47 verbose stack     at makeError (/Users/user/.nvm/versions/node/v4.1.2/lib/node_modules/npm/node_modules/npm-registry-client/lib/request.js:263:12)
47 verbose stack     at CachingRegistryClient.<anonymous> (/Users/user/.nvm/versions/node/v4.1.2/lib/node_modules/npm/node_modules/npm-registry-client/lib/request.js:241:14)
47 verbose stack     at Request._callback (/Users/user/.nvm/versions/node/v4.1.2/lib/node_modules/npm/node_modules/npm-registry-client/lib/request.js:171:14)
47 verbose stack     at Request.self.callback (/Users/user/.nvm/versions/node/v4.1.2/lib/node_modules/npm/node_modules/request/request.js:198:22)
47 verbose stack     at emitTwo (events.js:87:13)
47 verbose stack     at Request.emit (events.js:172:7)
47 verbose stack     at Request.<anonymous> (/Users/user/.nvm/versions/node/v4.1.2/lib/node_modules/npm/node_modules/request/request.js:1073:14)
47 verbose stack     at emitOne (events.js:82:20)
47 verbose stack     at Request.emit (events.js:169:7)
47 verbose stack     at IncomingMessage.<anonymous> (/Users/user/.nvm/versions/node/v4.1.2/lib/node_modules/npm/node_modules/request/request.js:1019:12)
48 verbose statusCode 404
49 verbose pkgid angular-file-model
50 verbose cwd /Users/user/Documents/sandglitch/lib
51 error Darwin 15.0.0
52 error argv "/Users/user/.nvm/versions/node/v4.1.2/bin/node" "/Users/user/.nvm/versions/node/v4.1.2/bin/npm" "i" "-S" "angular-file-model"
53 error node v4.1.2
54 error npm  v2.14.4
55 error code E404
56 error 404 Registry returned 404 for GET on https://registry.npmjs.org/angular-file-model
56 error 404
56 error 404 'angular-file-model' is not in the npm registry.
56 error 404 You should bug the author to publish it (or use the name yourself!)
56 error 404 It was specified as a dependency of 'sandglitch'
56 error 404
56 error 404 Note that you can also install from a
56 error 404 tarball, folder, http url, or git url.
57 verbose exit [ 1, true ]
